<?xml version="1.0" encoding="UTF-8"?>
<!-- Generated by org.testng.reporters.JUnitReportReporter -->
<testsuite hostname="51-C04-018" name="com.example.FormTest" tests="4" failures="0" timestamp="13 Jan 2018 07:50:16 GMT" time="1.391" errors="0">
  <testcase name="doGet" time="1.259" classname="com.example.FormTest"/>
  <testcase name="doGet" time="0.025" classname="com.example.FormTest"/>
  <testcase name="doGet" time="0.069" classname="com.example.FormTest"/>
  <testcase name="doGet" time="0.038" classname="com.example.FormTest"/>
</testsuite> <!-- com.example.FormTest -->
